<?xml version="1.0" encoding="UTF-8"?>
<!-- Generated by org.testng.reporters.JUnitXMLReporter -->
<testsuite ignored="4" hostname="DESKTOP-24VCBV6" failures="2" tests="2" name="Register" time="25.3" errors="0" timestamp="2024-07-13T02:19:08 EET">
  <testcase classname="TestCases.TC01_Register" name="registerPage" time="5.799">
    <failure type="java.lang.AssertionError" message="expected [Signing up is easy!] but found [CharlieCharlie]">
      <![CDATA[java.lang.AssertionError: expected [Signing up is easy!] but found [CharlieCharlie]
at TestCases.TC01_Register.registerPage(TC01_Register.java:38)
at java.base/java.util.ArrayList.forEach(ArrayList.java:1541)
at com.intellij.rt.testng.IDEARemoteTestNG.run(IDEARemoteTestNG.java:65)
at com.intellij.rt.testng.RemoteTestNGStarter.main(RemoteTestNGStarter.java:105)
... Removed 30 stack frames]]>
    </failure>
  </testcase> <!-- registerPage -->
  <testcase classname="TestCases.TC03_LogOut" name="logOutPage" time="10.154">
    <failure type="java.lang.AssertionError" message="Element not found">
      <![CDATA[java.lang.AssertionError: Element not found
at org.junit.Assert.fail(Assert.java:89)
at pages.PageBase.clickLogOut(PageBase.java:29)
at TestCases.TC03_LogOut.logOutPage(TC03_LogOut.java:17)
at java.base/java.util.ArrayList.forEach(ArrayList.java:1541)
at com.intellij.rt.testng.IDEARemoteTestNG.run(IDEARemoteTestNG.java:65)
at com.intellij.rt.testng.RemoteTestNGStarter.main(RemoteTestNGStarter.java:105)
... Removed 24 stack frames]]>
    </failure>
  </testcase> <!-- logOutPage -->
  <testcase classname="TestCases.TestBase" name="@BeforeSuite defineSuiteElements" time="0.0">
    <ignored/>
  </testcase> <!-- @BeforeSuite defineSuiteElements -->
  <testcase classname="TestCases.TestBase" name="@BeforeTest setupDriver" time="0.0">
    <ignored/>
  </testcase> <!-- @BeforeTest setupDriver -->
  <testcase classname="TestCases.TestBase" name="@AfterTest quit" time="0.0">
    <ignored/>
  </testcase> <!-- @AfterTest quit -->
  <testcase classname="TestCases.TestBase" name="@AfterSuite tearDown" time="0.0">
    <ignored/>
  </testcase> <!-- @AfterSuite tearDown -->
</testsuite> <!-- Register -->
